<?xml version="1.0" encoding="UTF-8"?>
<testng-results skipped="0" failed="1" ignored="0" total="10" passed="9">
  <reporter-output>
  </reporter-output>
  <suite name="Command line suite" duration-ms="82326" started-at="2020-11-03T18:05:51Z" finished-at="2020-11-03T18:07:13Z">
    <groups>
      <group name="admin">
        <method signature="GroupTest.adminModule1()[pri:0, instance:com.orangehrmpluging.GroupTest@1554909b]" name="adminModule1" class="com.orangehrmpluging.GroupTest"/>
        <method signature="GroupTest.adminModule2()[pri:0, instance:com.orangehrmpluging.GroupTest@1554909b]" name="adminModule2" class="com.orangehrmpluging.GroupTest"/>
        <method signature="GroupTest.leaveModule1()[pri:0, instance:com.orangehrmpluging.GroupTest@1554909b]" name="leaveModule1" class="com.orangehrmpluging.GroupTest"/>
        <method signature="GroupTest.leaveModule2()[pri:0, instance:com.orangehrmpluging.GroupTest@1554909b]" name="leaveModule2" class="com.orangehrmpluging.GroupTest"/>
      </group> <!-- admin -->
    </groups>
    <test name="Command line test" duration-ms="82326" started-at="2020-11-03T18:05:51Z" finished-at="2020-11-03T18:07:13Z">
      <class name="com.orangehrmpluging.TestsNGDemo">
        <test-method status="PASS" signature="openBrowser()[pri:0, instance:com.orangehrmpluging.TestsNGDemo@6bf256fa]" name="openBrowser" is-config="true" duration-ms="12502" started-at="2020-11-03T18:06:34Z" finished-at="2020-11-03T18:06:46Z">
          <reporter-output>
          </reporter-output>
        </test-method> <!-- openBrowser -->
        <test-method status="PASS" signature="login()[pri:0, instance:com.orangehrmpluging.TestsNGDemo@6bf256fa]" name="login" is-config="true" duration-ms="6007" started-at="2020-11-03T18:06:46Z" finished-at="2020-11-03T18:06:52Z">
          <reporter-output>
          </reporter-output>
        </test-method> <!-- login -->
        <test-method status="PASS" signature="adminTest()[pri:0, instance:com.orangehrmpluging.TestsNGDemo@6bf256fa]" name="adminTest" duration-ms="1928" started-at="2020-11-03T18:06:52Z" finished-at="2020-11-03T18:06:54Z">
          <reporter-output>
          </reporter-output>
        </test-method> <!-- adminTest -->
        <test-method status="PASS" signature="logout()[pri:0, instance:com.orangehrmpluging.TestsNGDemo@6bf256fa]" name="logout" is-config="true" duration-ms="1124" started-at="2020-11-03T18:06:54Z" finished-at="2020-11-03T18:06:55Z">
          <reporter-output>
          </reporter-output>
        </test-method> <!-- logout -->
        <test-method status="PASS" signature="login()[pri:0, instance:com.orangehrmpluging.TestsNGDemo@6bf256fa]" name="login" is-config="true" duration-ms="4605" started-at="2020-11-03T18:06:55Z" finished-at="2020-11-03T18:07:00Z">
          <reporter-output>
          </reporter-output>
        </test-method> <!-- login -->
        <test-method status="PASS" signature="leaveTest()[pri:0, instance:com.orangehrmpluging.TestsNGDemo@6bf256fa]" name="leaveTest" duration-ms="3533" started-at="2020-11-03T18:07:00Z" finished-at="2020-11-03T18:07:03Z">
          <reporter-output>
          </reporter-output>
        </test-method> <!-- leaveTest -->
        <test-method status="PASS" signature="logout()[pri:0, instance:com.orangehrmpluging.TestsNGDemo@6bf256fa]" name="logout" is-config="true" duration-ms="3069" started-at="2020-11-03T18:07:03Z" finished-at="2020-11-03T18:07:07Z">
          <reporter-output>
          </reporter-output>
        </test-method> <!-- logout -->
        <test-method status="PASS" signature="login()[pri:0, instance:com.orangehrmpluging.TestsNGDemo@6bf256fa]" name="login" is-config="true" duration-ms="2988" started-at="2020-11-03T18:07:07Z" finished-at="2020-11-03T18:07:10Z">
          <reporter-output>
          </reporter-output>
        </test-method> <!-- login -->
        <test-method status="PASS" signature="pimTest()[pri:0, instance:com.orangehrmpluging.TestsNGDemo@6bf256fa]" name="pimTest" duration-ms="1363" started-at="2020-11-03T18:07:10Z" finished-at="2020-11-03T18:07:11Z">
          <reporter-output>
          </reporter-output>
        </test-method> <!-- pimTest -->
        <test-method status="PASS" signature="logout()[pri:0, instance:com.orangehrmpluging.TestsNGDemo@6bf256fa]" name="logout" is-config="true" duration-ms="1154" started-at="2020-11-03T18:07:11Z" finished-at="2020-11-03T18:07:12Z">
          <reporter-output>
          </reporter-output>
        </test-method> <!-- logout -->
        <test-method status="PASS" signature="closeBrowser()[pri:0, instance:com.orangehrmpluging.TestsNGDemo@6bf256fa]" name="closeBrowser" is-config="true" duration-ms="902" started-at="2020-11-03T18:07:12Z" finished-at="2020-11-03T18:07:13Z">
          <reporter-output>
          </reporter-output>
        </test-method> <!-- closeBrowser -->
      </class> <!-- com.orangehrmpluging.TestsNGDemo -->
      <class name="com.orangehrmpluging.GroupTest">
        <test-method status="PASS" signature="adminModule1()[pri:0, instance:com.orangehrmpluging.GroupTest@1554909b]" name="adminModule1" duration-ms="1" started-at="2020-11-03T18:06:34Z" finished-at="2020-11-03T18:06:34Z">
          <reporter-output>
          </reporter-output>
        </test-method> <!-- adminModule1 -->
        <test-method status="PASS" signature="adminModule2()[pri:0, instance:com.orangehrmpluging.GroupTest@1554909b]" name="adminModule2" duration-ms="1" started-at="2020-11-03T18:06:34Z" finished-at="2020-11-03T18:06:34Z">
          <reporter-output>
          </reporter-output>
        </test-method> <!-- adminModule2 -->
        <test-method status="PASS" signature="leaveModule1()[pri:0, instance:com.orangehrmpluging.GroupTest@1554909b]" name="leaveModule1" duration-ms="1" started-at="2020-11-03T18:06:34Z" finished-at="2020-11-03T18:06:34Z">
          <reporter-output>
          </reporter-output>
        </test-method> <!-- leaveModule1 -->
        <test-method status="PASS" signature="leaveModule2()[pri:0, instance:com.orangehrmpluging.GroupTest@1554909b]" name="leaveModule2" duration-ms="1" started-at="2020-11-03T18:06:34Z" finished-at="2020-11-03T18:06:34Z">
          <reporter-output>
          </reporter-output>
        </test-method> <!-- leaveModule2 -->
      </class> <!-- com.orangehrmpluging.GroupTest -->
      <class name="com.orangehrmpluging.XmlTest">
        <test-method status="FAIL" signature="paraTest(java.lang.String, java.lang.String)[pri:0, instance:com.orangehrmpluging.XmlTest@6cd8737]" name="paraTest" duration-ms="0" started-at="2020-11-03T18:07:13Z" finished-at="2020-11-03T18:07:13Z">
          <exception class="org.testng.TestNGException">
            <message>
              <![CDATA[
Parameter 'uname' is required by @Test on method paraTest but has not been marked @Optional or defined
]]>
            </message>
            <full-stacktrace>
              <![CDATA[org.testng.TestNGException: 
Parameter 'uname' is required by @Test on method paraTest but has not been marked @Optional or defined

at org.testng.internal.Parameters.createParams(Parameters.java:290)
at org.testng.internal.Parameters.createParametersForMethod(Parameters.java:359)
at org.testng.internal.Parameters.createParameters(Parameters.java:620)
at org.testng.internal.Parameters.handleParameters(Parameters.java:769)
at org.testng.internal.ParameterHandler.handleParameters(ParameterHandler.java:49)
at org.testng.internal.ParameterHandler.createParameters(ParameterHandler.java:37)
at org.testng.internal.Invoker.invokeTestMethods(Invoker.java:924)
at org.testng.internal.TestMethodWorker.invokeTestMethods(TestMethodWorker.java:125)
at org.testng.internal.TestMethodWorker.run(TestMethodWorker.java:109)
at org.testng.TestRunner.privateRun(TestRunner.java:648)
at org.testng.TestRunner.run(TestRunner.java:505)
at org.testng.SuiteRunner.runTest(SuiteRunner.java:455)
at org.testng.SuiteRunner.runSequentially(SuiteRunner.java:450)
at org.testng.SuiteRunner.privateRun(SuiteRunner.java:415)
at org.testng.SuiteRunner.run(SuiteRunner.java:364)
at org.testng.SuiteRunnerWorker.runSuite(SuiteRunnerWorker.java:52)
at org.testng.SuiteRunnerWorker.run(SuiteRunnerWorker.java:84)
at org.testng.TestNG.runSuitesSequentially(TestNG.java:1208)
at org.testng.TestNG.runSuitesLocally(TestNG.java:1137)
at org.testng.TestNG.runSuites(TestNG.java:1049)
at org.testng.TestNG.run(TestNG.java:1017)
at org.apache.maven.surefire.testng.TestNGExecutor.run(TestNGExecutor.java:77)
at org.apache.maven.surefire.testng.TestNGDirectoryTestSuite.executeMulti(TestNGDirectoryTestSuite.java:159)
at org.apache.maven.surefire.testng.TestNGDirectoryTestSuite.execute(TestNGDirectoryTestSuite.java:99)
at org.apache.maven.surefire.testng.TestNGProvider.invoke(TestNGProvider.java:106)
at sun.reflect.NativeMethodAccessorImpl.invoke0(Native Method)
at sun.reflect.NativeMethodAccessorImpl.invoke(NativeMethodAccessorImpl.java:62)
at sun.reflect.DelegatingMethodAccessorImpl.invoke(DelegatingMethodAccessorImpl.java:43)
at java.lang.reflect.Method.invoke(Method.java:498)
at org.apache.maven.surefire.util.ReflectionUtils.invokeMethodWithArray(ReflectionUtils.java:189)
at org.apache.maven.surefire.booter.ProviderFactory$ProviderProxy.invoke(ProviderFactory.java:165)
at org.apache.maven.surefire.booter.ProviderFactory.invokeProvider(ProviderFactory.java:85)
at org.apache.maven.surefire.booter.ForkedBooter.runSuitesInProcess(ForkedBooter.java:115)
at org.apache.maven.surefire.booter.ForkedBooter.main(ForkedBooter.java:75)
]]>
            </full-stacktrace>
          </exception> <!-- org.testng.TestNGException -->
          <reporter-output>
          </reporter-output>
        </test-method> <!-- paraTest -->
      </class> <!-- com.orangehrmpluging.XmlTest -->
      <class name="com.orangehrmpluging.DataTest">
        <test-method status="PASS" signature="dt(java.lang.String, java.lang.String)[pri:0, instance:com.orangehrmpluging.DataTest@6108b2d7]" name="dt" duration-ms="12215" started-at="2020-11-03T18:05:51Z" data-provider="dpTest" finished-at="2020-11-03T18:06:03Z">
          <params>
            <param index="0">
              <value>
                <![CDATA[test]]>
              </value>
            </param>
            <param index="1">
              <value>
                <![CDATA[test123]]>
              </value>
            </param>
          </params>
          <reporter-output>
          </reporter-output>
        </test-method> <!-- dt -->
        <test-method status="PASS" signature="dt(java.lang.String, java.lang.String)[pri:0, instance:com.orangehrmpluging.DataTest@6108b2d7]" name="dt" duration-ms="30843" started-at="2020-11-03T18:06:03Z" data-provider="dpTest" finished-at="2020-11-03T18:06:34Z">
          <params>
            <param index="0">
              <value>
                <![CDATA[Admin]]>
              </value>
            </param>
            <param index="1">
              <value>
                <![CDATA[admin123]]>
              </value>
            </param>
          </params>
          <reporter-output>
          </reporter-output>
        </test-method> <!-- dt -->
      </class> <!-- com.orangehrmpluging.DataTest -->
    </test> <!-- Command line test -->
  </suite> <!-- Command line suite -->
</testng-results>
